#
# An unexpected error has been detected by Java Runtime Environment:
#
#  Internal Error (0xe06d7363), pid=2908, tid=3608
#
# Java VM: Java HotSpot(TM) Client VM (1.6.0_01-b06 mixed mode, sharing)
# Problematic frame:
# C  [KERNELBASE.dll+0xb727]
#
# If you would like to submit a bug report, please visit:
#   http://java.sun.com/webapps/bugreport/crash.jsp
#

---------------  T H R E A D  ---------------

Current thread (0x04cc1000):  JavaThread "AWT-EventQueue-0" [_thread_in_native, id=3608]

siginfo: ExceptionCode=0xe06d7363, ExceptionInformation=0x19930520 0x05c6f008 0x0d144a88 

Registers:
EAX=0x05c6ef64, EBX=0x00000113, ECX=0x00000003, EDX=0x00000000
ESP=0x05c6ef64, EBP=0x05c6efb4, ESI=0x05c7f0c0, EDI=0x6dc81ec6
EIP=0x7680b727, EFLAGS=0x00000212

Top of Stack: (sp=0x05c6ef64)
0x05c6ef64:   e06d7363 00000001 00000000 7680b727
0x05c6ef74:   00000003 19930520 05c6f008 0d144a88
0x05c6ef84:   00000000 0819f578 05c6f06c 05c6ef78
0x05c6ef94:   05c6f06c 00000034 05c6efbc 0cf740fe
0x05c6efa4:   0819f578 0819e3d0 00000034 05c7f0c0
0x05c6efb4:   05c6efec 6dc97819 e06d7363 00000001
0x05c6efc4:   00000003 05c6efe0 e06d7363 00000001
0x05c6efd4:   00000000 00000000 00000003 19930520 

Instructions: (pc=0x7680b727)
0x7680b717:   0c eb 03 89 45 c0 8d 45 b0 50 ff 15 6c 11 80 76
0x7680b727:   c9 c2 10 00 cc cc cc cc cc 8b ff 55 8b ec 56 8b 


Stack: [0x05c30000,0x05c80000),  sp=0x05c6ef64,  free space=251k
Native frames: (J=compiled Java code, j=interpreted, Vv=VM code, C=native code)
C  [KERNELBASE.dll+0xb727]
C  [msvcr100.dll+0x27819]

Java frames: (J=compiled Java code, j=interpreted, Vv=VM code)
j  com.googlecode.javacv.cpp.opencv_highgui.cvSaveImage(Ljava/lang/String;Lcom/googlecode/javacv/cpp/opencv_core$CvArr;[I)I+0
j  com.googlecode.javacv.cpp.opencv_highgui.cvSaveImage(Ljava/lang/String;Lcom/googlecode/javacv/cpp/opencv_core$CvArr;)I+3
j  Sales.Gold_sale.gct6ActionPerformed(Ljava/awt/event/ActionEvent;)V+95
j  Sales.Gold_sale.access$1000(LSales/Gold_sale;Ljava/awt/event/ActionEvent;)V+2
j  Sales.Gold_sale$11.actionPerformed(Ljava/awt/event/ActionEvent;)V+5
j  javax.swing.AbstractButton.fireActionPerformed(Ljava/awt/event/ActionEvent;)V+84
j  javax.swing.AbstractButton$Handler.actionPerformed(Ljava/awt/event/ActionEvent;)V+5
j  javax.swing.DefaultButtonModel.fireActionPerformed(Ljava/awt/event/ActionEvent;)V+35
j  javax.swing.DefaultButtonModel.setPressed(Z)V+117
j  javax.swing.plaf.basic.BasicButtonListener.mouseReleased(Ljava/awt/event/MouseEvent;)V+35
j  java.awt.Component.processMouseEvent(Ljava/awt/event/MouseEvent;)V+64
j  javax.swing.JComponent.processMouseEvent(Ljava/awt/event/MouseEvent;)V+23
j  java.awt.Component.processEvent(Ljava/awt/AWTEvent;)V+81
j  java.awt.Container.processEvent(Ljava/awt/AWTEvent;)V+18
j  java.awt.Component.dispatchEventImpl(Ljava/awt/AWTEvent;)V+562
j  java.awt.Container.dispatchEventImpl(Ljava/awt/AWTEvent;)V+42
j  java.awt.Component.dispatchEvent(Ljava/awt/AWTEvent;)V+2
j  java.awt.LightweightDispatcher.retargetMouseEvent(Ljava/awt/Component;ILjava/awt/event/MouseEvent;)V+320
j  java.awt.LightweightDispatcher.processMouseEvent(Ljava/awt/event/MouseEvent;)Z+139
j  java.awt.LightweightDispatcher.dispatchEvent(Ljava/awt/AWTEvent;)Z+50
j  java.awt.Container.dispatchEventImpl(Ljava/awt/AWTEvent;)V+12
j  java.awt.Window.dispatchEventImpl(Ljava/awt/AWTEvent;)V+19
j  java.awt.Component.dispatchEvent(Ljava/awt/AWTEvent;)V+2
j  java.awt.EventQueue.dispatchEvent(Ljava/awt/AWTEvent;)V+46
j  java.awt.EventDispatchThread.pumpOneEventForFilters(I)Z+156
j  java.awt.EventDispatchThread.pumpEventsForFilter(ILjava/awt/Conditional;Ljava/awt/EventFilter;)V+30
j  java.awt.EventDispatchThread.pumpEventsForHierarchy(ILjava/awt/Conditional;Ljava/awt/Component;)V+11
j  java.awt.EventDispatchThread.pumpEvents(ILjava/awt/Conditional;)V+4
j  java.awt.EventDispatchThread.pumpEvents(Ljava/awt/Conditional;)V+3
j  java.awt.EventDispatchThread.run()V+9
v  ~StubRoutines::call_stub

---------------  P R O C E S S  ---------------

Java Threads: ( => current thread )
  0x04dc1800 JavaThread "TimerQueue" daemon [_thread_blocked, id=4568]
  0x01fdec00 JavaThread "DestroyJavaVM" [_thread_blocked, id=2948]
=>0x04cc1000 JavaThread "AWT-EventQueue-0" [_thread_in_native, id=3608]
  0x04bfcc00 JavaThread "AWT-Windows" daemon [_thread_in_native, id=2492]
  0x04bfc800 JavaThread "AWT-Shutdown" [_thread_blocked, id=1132]
  0x04bfb800 JavaThread "Java2D Disposer" daemon [_thread_blocked, id=1560]
  0x02054800 JavaThread "Low Memory Detector" daemon [_thread_blocked, id=4164]
  0x0204f400 JavaThread "CompilerThread0" daemon [_thread_blocked, id=2884]
  0x0204f000 JavaThread "Attach Listener" daemon [_thread_blocked, id=4324]
  0x0204e800 JavaThread "Signal Dispatcher" daemon [_thread_blocked, id=4732]
  0x0200b800 JavaThread "Finalizer" daemon [_thread_blocked, id=4876]
  0x02002c00 JavaThread "Reference Handler" daemon [_thread_blocked, id=3832]

Other Threads:
  0x01ff9800 VMThread [id=2880]
  0x02060000 WatcherThread [id=2664]

VM state:not at safepoint (normal execution)

VM Mutex/Monitor currently owned by a thread: None

Heap
 def new generation   total 960K, used 350K [0x27010000, 0x27110000, 0x274f0000)
  eden space 896K,  31% used [0x27010000, 0x27057938, 0x270f0000)
  from space 64K,  99% used [0x270f0000, 0x270ffff8, 0x27100000)
  to   space 64K,   0% used [0x27100000, 0x27100000, 0x27110000)
 tenured generation   total 7864K, used 7034K [0x274f0000, 0x27c9e000, 0x2b010000)
   the space 7864K,  89% used [0x274f0000, 0x27bce9e8, 0x27bcea00, 0x27c9e000)
 compacting perm gen  total 12288K, used 3136K [0x2b010000, 0x2bc10000, 0x2f010000)
   the space 12288K,  25% used [0x2b010000, 0x2b3200d0, 0x2b320200, 0x2bc10000)
    ro space 8192K,  66% used [0x2f010000, 0x2f55c5d0, 0x2f55c600, 0x2f810000)
    rw space 12288K,  52% used [0x2f810000, 0x2fe58c98, 0x2fe58e00, 0x30410000)

Dynamic libraries:
0x00400000 - 0x00423000 	C:\Program Files (x86)\Java\jdk1.6.0_01\bin\java.exe
0x77440000 - 0x775c0000 	C:\Windows\SysWOW64\ntdll.dll
0x75310000 - 0x75420000 	C:\Windows\syswow64\kernel32.dll
0x76800000 - 0x76846000 	C:\Windows\syswow64\KERNELBASE.dll
0x76760000 - 0x76800000 	C:\Windows\syswow64\ADVAPI32.dll
0x75430000 - 0x754dc000 	C:\Windows\syswow64\msvcrt.dll
0x76ca0000 - 0x76cb9000 	C:\Windows\SysWOW64\sechost.dll
0x761f0000 - 0x762e0000 	C:\Windows\syswow64\RPCRT4.dll
0x74fa0000 - 0x75000000 	C:\Windows\syswow64\SspiCli.dll
0x74f90000 - 0x74f9c000 	C:\Windows\syswow64\CRYPTBASE.dll
0x7c340000 - 0x7c396000 	C:\Program Files (x86)\Java\jdk1.6.0_01\jre\bin\msvcr71.dll
0x6d870000 - 0x6dab7000 	C:\Program Files (x86)\Java\jdk1.6.0_01\jre\bin\client\jvm.dll
0x76ec0000 - 0x76fc0000 	C:\Windows\syswow64\USER32.dll
0x75000000 - 0x75090000 	C:\Windows\syswow64\GDI32.dll
0x77410000 - 0x7741a000 	C:\Windows\syswow64\LPK.dll
0x76ae0000 - 0x76b7d000 	C:\Windows\syswow64\USP10.dll
0x74d80000 - 0x74db2000 	C:\Windows\system32\WINMM.dll
0x75540000 - 0x755a0000 	C:\Windows\system32\IMM32.DLL
0x750a0000 - 0x7516c000 	C:\Windows\syswow64\MSCTF.dll
0x736a0000 - 0x736ec000 	C:\Windows\system32\apphelp.dll
0x74900000 - 0x749a1000 	C:\Windows\system32\Scdetour.dll
0x0f000000 - 0x0f006000 	C:\Windows\system32\detoured.dll
0x75090000 - 0x75095000 	C:\Windows\syswow64\PSAPI.DLL
0x6d3c0000 - 0x6d3c8000 	C:\Program Files (x86)\Java\jdk1.6.0_01\jre\bin\hpi.dll
0x6d820000 - 0x6d82c000 	C:\Program Files (x86)\Java\jdk1.6.0_01\jre\bin\verify.dll
0x6d460000 - 0x6d47f000 	C:\Program Files (x86)\Java\jdk1.6.0_01\jre\bin\java.dll
0x6d860000 - 0x6d86f000 	C:\Program Files (x86)\Java\jdk1.6.0_01\jre\bin\zip.dll
0x6d0b0000 - 0x6d273000 	C:\Program Files (x86)\Java\jdk1.6.0_01\jre\bin\awt.dll
0x74d20000 - 0x74d71000 	C:\Windows\system32\WINSPOOL.DRV
0x76980000 - 0x76adc000 	C:\Windows\syswow64\ole32.dll
0x72a60000 - 0x72ae0000 	C:\Windows\system32\uxtheme.dll
0x6d360000 - 0x6d3b3000 	C:\Program Files (x86)\Java\jdk1.6.0_01\jre\bin\fontmanager.dll
0x724d0000 - 0x724e3000 	C:\Windows\system32\dwmapi.dll
0x755a0000 - 0x761ea000 	C:\Windows\syswow64\shell32.dll
0x765c0000 - 0x76617000 	C:\Windows\syswow64\SHLWAPI.dll
0x6d620000 - 0x6d633000 	C:\Program Files (x86)\Java\jdk1.6.0_01\jre\bin\net.dll
0x754e0000 - 0x75515000 	C:\Windows\syswow64\WS2_32.dll
0x75420000 - 0x75426000 	C:\Windows\syswow64\NSI.dll
0x72c10000 - 0x72c4c000 	C:\Windows\system32\mswsock.dll
0x74420000 - 0x74426000 	C:\Windows\System32\wship6.dll
0x6d640000 - 0x6d649000 	C:\Program Files (x86)\Java\jdk1.6.0_01\jre\bin\nio.dll
0x76850000 - 0x768df000 	C:\Windows\syswow64\OLEAUT32.DLL
0x6d2d0000 - 0x6d2f3000 	C:\Program Files (x86)\Java\jdk1.6.0_01\jre\bin\dcpr.dll
0x6d4a0000 - 0x6d4ad000 	C:\Program Files (x86)\Java\jdk1.6.0_01\jre\bin\JdbcOdbc.dll
0x749d0000 - 0x74a5c000 	C:\Windows\system32\ODBC32.dll
0x74720000 - 0x74758000 	C:\Windows\system32\odbcint.dll
0x728a0000 - 0x728b7000 	C:\Windows\system32\bcrypt.dll
0x72800000 - 0x7283d000 	C:\Windows\SysWOW64\bcryptprimitives.dll
0x72af0000 - 0x72b8b000 	C:\Windows\WinSxS\x86_microsoft.vc80.crt_1fc8b3b9a1e18e3b_8.0.50727.4940_none_d08cc06a442b34fc\MSVCR80.dll
0x06fe0000 - 0x07ff8000 	C:\Program Files (x86)\Common Files\Microsoft Shared\office12\mso.dll
0x6efc0000 - 0x6f200000 	C:\Windows\system32\msi.dll
0x6ee10000 - 0x6efbb000 	C:\Program Files (x86)\Common Files\Microsoft Shared\OFFICE12\ACECORE.DLL
0x72670000 - 0x726f7000 	C:\Windows\WinSxS\x86_microsoft.vc80.crt_1fc8b3b9a1e18e3b_8.0.50727.4940_none_d08cc06a442b34fc\MSVCP80.dll
0x6ed70000 - 0x6ee02000 	C:\Program Files (x86)\Common Files\Microsoft Shared\OFFICE12\1033\ACEWSTR.DLL
0x6e710000 - 0x6ed64000 	C:\Program Files (x86)\Common Files\Microsoft Shared\OFFICE12\MSORES.DLL
0x6dd30000 - 0x6e70d000 	C:\Program Files (x86)\Common Files\Microsoft Shared\office12\1033\MSOINTL.DLL
0x74760000 - 0x748fe000 	C:\Windows\WinSxS\x86_microsoft.windows.common-controls_6595b64144ccf1df_6.0.7601.17514_none_41e6975e2bd6f2b2\Comctl32.dll
0x74ed0000 - 0x74ed9000 	C:\Windows\system32\VERSION.DLL
0x768f0000 - 0x76973000 	C:\Windows\syswow64\CLBCatQ.DLL
0x727d0000 - 0x727fd000 	C:\PROGRA~2\COMMON~1\MICROS~1\OFFICE12\ACEES.DLL
0x0f9a0000 - 0x0f9ab000 	C:\Windows\system32\VBAJET32.DLL
0x0f9c0000 - 0x0fa22000 	C:\Windows\system32\expsrv.dll
0x72880000 - 0x7288b000 	C:\Windows\system32\profapi.dll
0x6dc70000 - 0x6dd2e000 	C:\Users\shri\AppData\Local\Temp\javacpp1278763667878\msvcr100.dll
0x723c0000 - 0x72429000 	C:\Users\shri\AppData\Local\Temp\javacpp1278763667878\msvcp100.dll
0x70fc0000 - 0x71d59000 	C:\Users\shri\AppData\Local\Temp\javacpp1278763667878\opencv_ffmpeg246.dll
0x74ca0000 - 0x74ca7000 	C:\Windows\system32\WSOCK32.DLL
0x0cf70000 - 0x0d174000 	C:\Users\shri\AppData\Local\Temp\javacpp1278763667878\opencv_core246.dll
0x0d180000 - 0x0d3ea000 	C:\Users\shri\AppData\Local\Temp\javacpp1278763667878\opencv_imgproc246.dll
0x0d3f0000 - 0x0d5fa000 	C:\Users\shri\AppData\Local\Temp\javacpp1278763667878\opencv_highgui246.dll
0x73330000 - 0x733b4000 	C:\Windows\WinSxS\x86_microsoft.windows.common-controls_6595b64144ccf1df_5.82.7601.17514_none_ec83dffa859149af\COMCTL32.dll
0x72780000 - 0x72799000 	C:\Windows\system32\AVIFIL32.dll
0x749b0000 - 0x749c4000 	C:\Windows\system32\MSACM32.dll
0x72720000 - 0x72741000 	C:\Windows\system32\MSVFW32.dll
0x72700000 - 0x72713000 	C:\Windows\system32\AVICAP32.dll
0x733c0000 - 0x733cf000 	C:\Users\shri\AppData\Local\Temp\javacpp1278763667878\jniopencv_highgui.dll
0x72650000 - 0x72664000 	C:\Windows\SysWOW64\devenum.dll
0x75170000 - 0x7530d000 	C:\Windows\syswow64\setupapi.dll
0x76410000 - 0x76437000 	C:\Windows\syswow64\CFGMGR32.dll
0x75520000 - 0x75532000 	C:\Windows\syswow64\DEVOBJ.dll
0x727a0000 - 0x727c1000 	C:\Windows\system32\ntmarta.dll
0x76560000 - 0x765a5000 	C:\Windows\syswow64\WLDAP32.dll
0x76be0000 - 0x76c0d000 	C:\Windows\syswow64\WINTRUST.dll
0x76440000 - 0x7655d000 	C:\Windows\syswow64\CRYPT32.dll
0x765b0000 - 0x765bc000 	C:\Windows\syswow64\MSASN1.dll
0x72890000 - 0x7289b000 	C:\Windows\system32\msdmo.dll
0x72510000 - 0x72542000 	C:\Windows\SysWOW64\qcap.dll
0x0c340000 - 0x0c4b7000 	C:\Windows\SysWOW64\quartz.dll
0x6d420000 - 0x6d453000 	C:\Windows\SysWOW64\ksproxy.ax
0x72e50000 - 0x72e54000 	C:\Windows\SysWOW64\ksuser.dll
0x0d600000 - 0x0d7c3000 	C:\Windows\SysWOW64\d3d9.dll
0x72500000 - 0x72506000 	C:\Windows\SysWOW64\d3d8thk.dll
0x724f0000 - 0x724f9000 	C:\Windows\SysWOW64\vidcap.ax
0x723a0000 - 0x723bd000 	C:\Windows\SysWOW64\kswdmcap.ax
0x74a60000 - 0x74b7c000 	C:\Windows\SysWOW64\MFC42.dll
0x06f20000 - 0x06fa0000 	C:\Windows\SysWOW64\qedit.dll
0x76fc0000 - 0x7703b000 	C:\Windows\syswow64\COMDLG32.dll
0x72210000 - 0x723a0000 	C:\Windows\WinSxS\x86_microsoft.windows.gdiplus_6595b64144ccf1df_1.1.7601.17514_none_72d18a4386696c80\gdiplus.dll
0x0d9b0000 - 0x0da97000 	C:\Windows\system32\DDRAW.dll
0x724c0000 - 0x724c6000 	C:\Windows\system32\DCIMAN32.dll
0x6c530000 - 0x6c5fc000 	C:\Windows\system32\D3DIM700.DLL
0x10000000 - 0x102bf000 	C:\Program Files (x86)\K-Lite Codec Pack\ffdshow\ffdshow.ax
0x08150000 - 0x08175000 	C:\Windows\system32\DINPUT.dll
0x0daa0000 - 0x0db90000 	C:\Program Files (x86)\K-Lite Codec Pack\filters\vsfilter.dll
0x762e0000 - 0x763d5000 	C:\Windows\syswow64\WININET.dll
0x76620000 - 0x76756000 	C:\Windows\syswow64\urlmon.dll
0x76cc0000 - 0x76ebb000 	C:\Windows\syswow64\iertutil.dll
0x6d0a0000 - 0x6d0a9000 	C:\Windows\system32\msyuv.dll
0x6d020000 - 0x6d095000 	C:\Users\shri\AppData\Local\Temp\javacpp1278763667878\jniopencv_core.dll

VM Arguments:
jvm_args: -Dfile.encoding=UTF-8
java_command: Admin.Authentication.Authentication
Launcher Type: SUN_STANDARD

Environment Variables:
PATH=C:\Windows\system32;C:\Windows;C:\Windows\System32\Wbem;C:\Windows\System32\WindowsPowerShell\v1.0\;C:\Program Files (x86)\Intel\OpenCL SDK\3.0\bin\x86;C:\Program Files (x86)\Intel\OpenCL SDK\3.0\bin\x64;C:\Program Files (x86)\MySQL\MySQL Server 5.0\bin;C:\Program Files (x86)\Java\jdk1.6.0_01\bin;C:\opencv\build\x86\vc10\bin
USERNAME=shri
OS=Windows_NT
PROCESSOR_IDENTIFIER=Intel64 Family 6 Model 69 Stepping 1, GenuineIntel



---------------  S Y S T E M  ---------------

OS: Windows NT 6.1 Build 7601 Service Pack 1

CPU:total 4 family 6, cmov, cx8, fxsr, mmx, sse, sse2

Memory: 4k page, physical 4129072k(2381752k free), swap 4194303k(4194303k free)

vm_info: Java HotSpot(TM) Client VM (1.6.0_01-b06) for windows-x86, built on Mar 14 2007 00:24:02 by "java_re" with unknown MS VC++:1310

